{
  "RSpec": {
    "coverage": {
      "/Users/elizabethsecor/Documents/Turing/4module/projects/ideabox/app/helpers/application_helper.rb": [
        1,
        null
      ],
      "/Users/elizabethsecor/Documents/Turing/4module/projects/ideabox/app/controllers/api/v1/ideas_controller.rb": [
        1,
        1,
        null,
        1,
        12,
        null,
        null,
        1,
        1,
        null,
        null,
        1,
        3,
        3,
        null,
        null,
        1,
        5,
        null,
        null,
        1,
        2,
        null,
        null,
        1,
        null,
        1,
        8,
        null,
        null
      ],
      "/Users/elizabethsecor/Documents/Turing/4module/projects/ideabox/app/controllers/api/api_controller.rb": [
        1,
        1,
        null
      ],
      "/Users/elizabethsecor/Documents/Turing/4module/projects/ideabox/app/controllers/application_controller.rb": [
        1,
        null,
        null,
        1,
        null
      ],
      "/Users/elizabethsecor/Documents/Turing/4module/projects/ideabox/app/models/idea.rb": [
        1,
        1,
        null
      ],
      "/Users/elizabethsecor/Documents/Turing/4module/projects/ideabox/app/controllers/home_controller.rb": [
        1,
        1,
        null,
        null
      ]
    },
    "timestamp": 1458778198
  }
}
